<?xml version="1.0" encoding="UTF-8"?>
<testng-results ignored="0" total="2" passed="2" failed="0" skipped="0">
  <reporter-output>
  </reporter-output>
  <suite started-at="2025-03-17T02:00:16 WIB" name="Surefire suite" finished-at="2025-03-17T02:00:55 WIB" duration-ms="38938">
    <groups>
    </groups>
    <test started-at="2025-03-17T02:00:16 WIB" name="Surefire test" finished-at="2025-03-17T02:00:55 WIB" duration-ms="38938">
      <class name="automation.SauceDemoTestNGImplTest">
        <test-method is-config="true" signature="setUp()[pri:0, instance:automation.SauceDemoTestNGImplTest@45b9a632]" started-at="2025-03-17T02:00:40 WIB" name="setUp" finished-at="2025-03-17T02:00:44 WIB" duration-ms="3833" status="PASS">
          <reporter-output>
          </reporter-output>
        </test-method> <!-- setUp -->
        <test-method signature="checkoutProcess(java.util.HashMap)[pri:0, instance:automation.SauceDemoTestNGImplTest@45b9a632]" started-at="2025-03-17T02:00:44 WIB" name="checkoutProcess" data-provider="dataTestMapping" finished-at="2025-03-17T02:00:55 WIB" duration-ms="10566" status="PASS">
          <params>
            <param index="0">
              <value>
                <![CDATA[{firstName=Patricia, lastName=Silaban, password=secret_sauce, productId=sauce-labs-backpack, userName=standard_user, postalCode=12345}]]>
              </value>
            </param>
          </params>
          <reporter-output>
          </reporter-output>
        </test-method> <!-- checkoutProcess -->
        <test-method is-config="true" signature="tearDown()[pri:0, instance:automation.SauceDemoTestNGImplTest@45b9a632]" started-at="2025-03-17T02:00:55 WIB" name="tearDown" finished-at="2025-03-17T02:00:55 WIB" duration-ms="621" status="PASS">
          <reporter-output>
          </reporter-output>
        </test-method> <!-- tearDown -->
      </class> <!-- automation.SauceDemoTestNGImplTest -->
      <class name="automation.SauceDemoTestNGImpl2Test">
        <test-method is-config="true" signature="setUp()[pri:0, instance:automation.SauceDemoTestNGImpl2Test@13c10b87]" started-at="2025-03-17T02:00:17 WIB" name="setUp" finished-at="2025-03-17T02:00:28 WIB" duration-ms="11257" status="PASS">
          <reporter-output>
          </reporter-output>
        </test-method> <!-- setUp -->
        <test-method signature="testSauceDemoE2E(java.lang.String,java.lang.String)[pri:0, instance:automation.SauceDemoTestNGImpl2Test@13c10b87]" started-at="2025-03-17T02:00:28 WIB" name="testSauceDemoE2E" data-provider="loginData" finished-at="2025-03-17T02:00:40 WIB" duration-ms="11830" status="PASS">
          <params>
            <param index="0">
              <value>
                <![CDATA[standard_user]]>
              </value>
            </param>
            <param index="1">
              <value>
                <![CDATA[secret_sauce]]>
              </value>
            </param>
          </params>
          <reporter-output>
          </reporter-output>
        </test-method> <!-- testSauceDemoE2E -->
        <test-method is-config="true" signature="tearDown()[pri:0, instance:automation.SauceDemoTestNGImpl2Test@13c10b87]" started-at="2025-03-17T02:00:40 WIB" name="tearDown" finished-at="2025-03-17T02:00:40 WIB" duration-ms="695" status="PASS">
          <reporter-output>
          </reporter-output>
        </test-method> <!-- tearDown -->
      </class> <!-- automation.SauceDemoTestNGImpl2Test -->
    </test> <!-- Surefire test -->
  </suite> <!-- Surefire suite -->
</testng-results>
