<?xml version="1.0" encoding="UTF-8"?>
<testsuite xmlns:xsi="http://www.w3.org/2001/XMLSchema-instance" xsi:noNamespaceSchemaLocation="https://maven.apache.org/surefire/maven-surefire-plugin/xsd/surefire-test-report.xsd" name="TestSuite" time="22.048" tests="2" errors="0" skipped="0" failures="0">
  <properties>
[...]
</properties>
  <testcase name="testSauceDemoE2E" classname="automation.SauceDemoTestNGImpl2Test" time="2.308"/>
  <testcase name="checkoutProcess" classname="automation.SauceDemoTestNGImplTest" time="10.697"/>
</testsuite>